Using pre-set license
Built from '2020.3/staging' branch; Version is '2020.3.13f1 (71691879b7f5) revision 7432472'; Using compiler version '192528614'; Build Type 'Release'
OS: 'Windows 10 Home; OS build 22000.739; Version 2009; 64bit' Language: 'en' Physical Memory: 14273 MB
BatchMode: 1, IsHumanControllingUs: 0, StartBugReporterOnCrash: 0, Is64bit: 1, IsPro: 0

 COMMAND LINE ARGUMENTS:
C:\Users\64204\Documents\Unity\2020.3.13f1\Editor\Unity.exe
-adb2
-batchMode
-noUpm
-name
AssetImportWorker0
-projectPath
C:/Users/64204/squashVR
-logFile
Logs/AssetImportWorker0.log
-srvPort
51054
Successfully changed project path to: C:/Users/64204/squashVR
C:/Users/64204/squashVR
Using Asset Import Pipeline V2.
Refreshing native plugins compatible for Editor in 104.79 ms, found 16 plugins.
Preloading 2 native plugins for Editor in 3.65 ms.
Initialize engine version: 2020.3.13f1 (71691879b7f5)
[Subsystems] Discovering subsystems at path C:/Users/64204/Documents/Unity/2020.3.13f1/Editor/Data/Resources/UnitySubsystems
[Subsystems] Discovering subsystems at path C:/Users/64204/squashVR/Assets
GfxDevice: creating device client; threaded=0
Direct3D:
    Version:  Direct3D 11.0 [level 11.1]
    Renderer: NVIDIA GeForce GTX 1650 Ti (ID=0x1f95)
    Vendor:   
    VRAM:     3964 MB
    Driver:   27.21.14.5167
Initialize mono
Mono path[0] = 'C:/Users/64204/Documents/Unity/2020.3.13f1/Editor/Data/Managed'
Mono path[1] = 'C:/Users/64204/Documents/Unity/2020.3.13f1/Editor/Data/MonoBleedingEdge/lib/mono/unityjit'
Mono config path = 'C:/Users/64204/Documents/Unity/2020.3.13f1/Editor/Data/MonoBleedingEdge/etc'
Using monoOptions --debugger-agent=transport=dt_socket,embedding=1,server=y,suspend=n,address=127.0.0.1:56524
Begin MonoManager ReloadAssembly
Registering precompiled unity dll's ...
Register platform support module: C:/Users/64204/Documents/Unity/2020.3.13f1/Editor/Data/PlaybackEngines/WindowsStandaloneSupport/UnityEditor.WindowsStandalone.Extensions.dll
Registered in 0.002069 seconds.
Native extension for WindowsStandalone target not found
Refreshing native plugins compatible for Editor in 62.23 ms, found 16 plugins.
Preloading 2 native plugins for Editor in 0.28 ms.
Mono: successfully reloaded assembly
- Completed reload, in  1.444 seconds
Platform modules already initialized, skipping
Registering precompiled user dll's ...
Registered in 0.017804 seconds.
Begin MonoManager ReloadAssembly
Native extension for WindowsStandalone target not found
Refreshing native plugins compatible for Editor in 62.05 ms, found 16 plugins.
Preloading 2 native plugins for Editor in 0.29 ms.
[XR] OculusXRPlugin: registering subsystems
[XR] Unable to register display lifecyle provider: [1]
[XR] Oculus Input lifecycle provider registered.
[XR] Unable to register input lifecyle provider: [1]
NullReferenceException: Object reference not set to an instance of an object
  at Unity.XR.Oculus.OculusLoader.AssetPathToAbsolutePath (System.String assetPath) [0x00048] in C:\Users\64204\squashVR\Library\PackageCache\com.unity.xr.oculus@1.9.1\Runtime\OculusLoader.cs:249 
  at Unity.XR.Oculus.OculusLoader.EditorLoadOVRPlugin () [0x0007b] in C:\Users\64204\squashVR\Library\PackageCache\com.unity.xr.oculus@1.9.1\Runtime\OculusLoader.cs:234 

(Filename: Library/PackageCache/com.unity.xr.oculus@1.9.1/Runtime/OculusLoader.cs Line: 249)

Mono: successfully reloaded assembly
- Completed reload, in  1.594 seconds
Platform modules already initialized, skipping
========================================================================
Worker process is ready to serve import requests
Launched and connected shader compiler UnityShaderCompiler.exe after 0.09 seconds
Refreshing native plugins compatible for Editor in 1.78 ms, found 16 plugins.
Preloading 2 native plugins for Editor in 0.40 ms.
Unloading 2250 Unused Serialized files (Serialized files now loaded: 0)
System memory in use before: 93.0 MB.
System memory in use after: 93.1 MB.

Unloading 39 unused Assets to reduce memory usage. Loaded Objects now: 2681.
Total: 10.177000 ms (FindLiveObjects: 2.399100 ms CreateObjectMapping: 0.384600 ms MarkObjects: 5.693200 ms  DeleteObjects: 1.696000 ms)

AssetImportParameters requested are different than current active one (requested -> active):
  custom:framework-win-MediaFoundation: 216162199b28c13a410421893ffa2e32 -> 
  custom:video-decoder-ogg-theora: a1e56fd34408186e4bbccfd4996cb3dc -> 
  custom:container-muxer-webm: aa71ff27fc2769a1b78a27578f13a17b -> 
  custom:container-demuxer-webm: 4f35f7cbe854078d1ac9338744f61a02 -> 
  custom:container-demuxer-ogg: 62fdf1f143b41e24485cea50d1cbac27 -> 
  custom:video-encoder-webm-vp8: eb34c28f22e8b96e1ab97ce403110664 -> 
  custom:video-decoder-webm-vp8: 9c59270c3fd7afecdb556c50c9e8de78 -> 
  custom:audio-decoder-ogg-vorbis: bf7c407c2cedff20999df2af8eb42d56 -> 
  custom:audio-encoder-webm-vorbis: bf7c407c2cedff20999df2af8eb42d56 -> 
========================================================================
Received Import Request.
  path: Assets/Scripts/Follow_Player.cs
  artifactKey: Guid(9419324b7d3ef19468108d1083690552) Importer(815301076,1909f56bfc062723c751e8b465ee728b)
Start importing Assets/Scripts/Follow_Player.cs using Guid(9419324b7d3ef19468108d1083690552) Importer(815301076,1909f56bfc062723c751e8b465ee728b)  -> (artifact id: '0fe9f758843b619711e21eb787f31827') in 0.058388 seconds 
  Import took 0.071553 seconds .

========================================================================
Received Prepare
Registering precompiled user dll's ...
Registered in 0.017119 seconds.
Begin MonoManager ReloadAssembly
Native extension for WindowsStandalone target not found
Refreshing native plugins compatible for Editor in 1.66 ms, found 16 plugins.
Preloading 2 native plugins for Editor in 0.27 ms.
NullReferenceException: Object reference not set to an instance of an object
  at Unity.XR.Oculus.OculusLoader.AssetPathToAbsolutePath (System.String assetPath) [0x00048] in C:\Users\64204\squashVR\Library\PackageCache\com.unity.xr.oculus@1.9.1\Runtime\OculusLoader.cs:249 
  at Unity.XR.Oculus.OculusLoader.EditorLoadOVRPlugin () [0x0007b] in C:\Users\64204\squashVR\Library\PackageCache\com.unity.xr.oculus@1.9.1\Runtime\OculusLoader.cs:234 

(Filename: Library/PackageCache/com.unity.xr.oculus@1.9.1/Runtime/OculusLoader.cs Line: 249)

Mono: successfully reloaded assembly
- Completed reload, in  1.451 seconds
Platform modules already initialized, skipping
Refreshing native plugins compatible for Editor in 1.10 ms, found 16 plugins.
Preloading 2 native plugins for Editor in 0.25 ms.
Unloading 2207 Unused Serialized files (Serialized files now loaded: 0)
System memory in use before: 92.2 MB.
System memory in use after: 92.3 MB.

Unloading 32 unused Assets to reduce memory usage. Loaded Objects now: 2685.
Total: 4.286300 ms (FindLiveObjects: 0.706100 ms CreateObjectMapping: 0.093200 ms MarkObjects: 3.442000 ms  DeleteObjects: 0.041900 ms)

AssetImportParameters requested are different than current active one (requested -> active):
  custom:framework-win-MediaFoundation: 216162199b28c13a410421893ffa2e32 -> 
  custom:video-decoder-ogg-theora: a1e56fd34408186e4bbccfd4996cb3dc -> 
  custom:container-muxer-webm: aa71ff27fc2769a1b78a27578f13a17b -> 
  custom:container-demuxer-webm: 4f35f7cbe854078d1ac9338744f61a02 -> 
  custom:container-demuxer-ogg: 62fdf1f143b41e24485cea50d1cbac27 -> 
  custom:video-encoder-webm-vp8: eb34c28f22e8b96e1ab97ce403110664 -> 
  custom:video-decoder-webm-vp8: 9c59270c3fd7afecdb556c50c9e8de78 -> 
  custom:audio-decoder-ogg-vorbis: bf7c407c2cedff20999df2af8eb42d56 -> 
  custom:audio-encoder-webm-vorbis: bf7c407c2cedff20999df2af8eb42d56 -> 
========================================================================
Received Import Request.
  Time since last request: 27.274580 seconds.
  path: Assets/Scripts/Follow_Player.cs
  artifactKey: Guid(9419324b7d3ef19468108d1083690552) Importer(815301076,1909f56bfc062723c751e8b465ee728b)
Start importing Assets/Scripts/Follow_Player.cs using Guid(9419324b7d3ef19468108d1083690552) Importer(815301076,1909f56bfc062723c751e8b465ee728b)  -> (artifact id: '2f0bdb72ad76604c87636586c0cd7ac8') in 0.008568 seconds 
  Import took 0.014066 seconds .

========================================================================
Received Prepare
Registering precompiled user dll's ...
Registered in 0.018765 seconds.
Begin MonoManager ReloadAssembly
Native extension for WindowsStandalone target not found
Refreshing native plugins compatible for Editor in 1.53 ms, found 16 plugins.
Preloading 2 native plugins for Editor in 0.34 ms.
NullReferenceException: Object reference not set to an instance of an object
  at Unity.XR.Oculus.OculusLoader.AssetPathToAbsolutePath (System.String assetPath) [0x00048] in C:\Users\64204\squashVR\Library\PackageCache\com.unity.xr.oculus@1.9.1\Runtime\OculusLoader.cs:249 
  at Unity.XR.Oculus.OculusLoader.EditorLoadOVRPlugin () [0x0007b] in C:\Users\64204\squashVR\Library\PackageCache\com.unity.xr.oculus@1.9.1\Runtime\OculusLoader.cs:234 

(Filename: Library/PackageCache/com.unity.xr.oculus@1.9.1/Runtime/OculusLoader.cs Line: 249)

Mono: successfully reloaded assembly
- Completed reload, in  1.476 seconds
Platform modules already initialized, skipping
Refreshing native plugins compatible for Editor in 1.54 ms, found 16 plugins.
Preloading 2 native plugins for Editor in 0.34 ms.
Unloading 2207 Unused Serialized files (Serialized files now loaded: 0)
System memory in use before: 92.2 MB.
System memory in use after: 92.3 MB.

Unloading 32 unused Assets to reduce memory usage. Loaded Objects now: 2689.
Total: 5.363100 ms (FindLiveObjects: 0.510000 ms CreateObjectMapping: 0.300500 ms MarkObjects: 4.500500 ms  DeleteObjects: 0.049300 ms)

AssetImportParameters requested are different than current active one (requested -> active):
  custom:framework-win-MediaFoundation: 216162199b28c13a410421893ffa2e32 -> 
  custom:video-decoder-ogg-theora: a1e56fd34408186e4bbccfd4996cb3dc -> 
  custom:container-muxer-webm: aa71ff27fc2769a1b78a27578f13a17b -> 
  custom:container-demuxer-webm: 4f35f7cbe854078d1ac9338744f61a02 -> 
  custom:container-demuxer-ogg: 62fdf1f143b41e24485cea50d1cbac27 -> 
  custom:video-encoder-webm-vp8: eb34c28f22e8b96e1ab97ce403110664 -> 
  custom:video-decoder-webm-vp8: 9c59270c3fd7afecdb556c50c9e8de78 -> 
  custom:audio-decoder-ogg-vorbis: bf7c407c2cedff20999df2af8eb42d56 -> 
  custom:audio-encoder-webm-vorbis: bf7c407c2cedff20999df2af8eb42d56 -> 
========================================================================
Received Prepare
Registering precompiled user dll's ...
Registered in 0.016535 seconds.
Begin MonoManager ReloadAssembly
Native extension for WindowsStandalone target not found
Refreshing native plugins compatible for Editor in 1.35 ms, found 16 plugins.
Preloading 2 native plugins for Editor in 0.28 ms.
NullReferenceException: Object reference not set to an instance of an object
  at Unity.XR.Oculus.OculusLoader.AssetPathToAbsolutePath (System.String assetPath) [0x00048] in C:\Users\64204\squashVR\Library\PackageCache\com.unity.xr.oculus@1.9.1\Runtime\OculusLoader.cs:249 
  at Unity.XR.Oculus.OculusLoader.EditorLoadOVRPlugin () [0x0007b] in C:\Users\64204\squashVR\Library\PackageCache\com.unity.xr.oculus@1.9.1\Runtime\OculusLoader.cs:234 

(Filename: Library/PackageCache/com.unity.xr.oculus@1.9.1/Runtime/OculusLoader.cs Line: 249)

Mono: successfully reloaded assembly
- Completed reload, in  1.333 seconds
Platform modules already initialized, skipping
Refreshing native plugins compatible for Editor in 1.96 ms, found 16 plugins.
Preloading 2 native plugins for Editor in 0.38 ms.
Unloading 2207 Unused Serialized files (Serialized files now loaded: 0)
System memory in use before: 92.2 MB.
System memory in use after: 92.4 MB.

Unloading 32 unused Assets to reduce memory usage. Loaded Objects now: 2693.
Total: 5.625200 ms (FindLiveObjects: 0.413500 ms CreateObjectMapping: 0.109100 ms MarkObjects: 5.044100 ms  DeleteObjects: 0.055200 ms)

AssetImportParameters requested are different than current active one (requested -> active):
  custom:framework-win-MediaFoundation: 216162199b28c13a410421893ffa2e32 -> 
  custom:video-decoder-ogg-theora: a1e56fd34408186e4bbccfd4996cb3dc -> 
  custom:container-muxer-webm: aa71ff27fc2769a1b78a27578f13a17b -> 
  custom:container-demuxer-webm: 4f35f7cbe854078d1ac9338744f61a02 -> 
  custom:container-demuxer-ogg: 62fdf1f143b41e24485cea50d1cbac27 -> 
  custom:video-encoder-webm-vp8: eb34c28f22e8b96e1ab97ce403110664 -> 
  custom:video-decoder-webm-vp8: 9c59270c3fd7afecdb556c50c9e8de78 -> 
  custom:audio-decoder-ogg-vorbis: bf7c407c2cedff20999df2af8eb42d56 -> 
  custom:audio-encoder-webm-vorbis: bf7c407c2cedff20999df2af8eb42d56 -> 
========================================================================
Received Import Request.
  Time since last request: 346.507184 seconds.
  path: Assets/Scripts/playableChar.cs
  artifactKey: Guid(6edf39bae4482ba46be88d65a5c58589) Importer(815301076,1909f56bfc062723c751e8b465ee728b)
Start importing Assets/Scripts/playableChar.cs using Guid(6edf39bae4482ba46be88d65a5c58589) Importer(815301076,1909f56bfc062723c751e8b465ee728b)  -> (artifact id: '4c9487912e076c7c1aafa234484d30e1') in 0.008889 seconds 
  Import took 0.014113 seconds .

========================================================================
Received Prepare
Registering precompiled user dll's ...
Registered in 0.020001 seconds.
Begin MonoManager ReloadAssembly
Native extension for WindowsStandalone target not found
Refreshing native plugins compatible for Editor in 1.34 ms, found 16 plugins.
Preloading 2 native plugins for Editor in 0.25 ms.
NullReferenceException: Object reference not set to an instance of an object
  at Unity.XR.Oculus.OculusLoader.AssetPathToAbsolutePath (System.String assetPath) [0x00048] in C:\Users\64204\squashVR\Library\PackageCache\com.unity.xr.oculus@1.9.1\Runtime\OculusLoader.cs:249 
  at Unity.XR.Oculus.OculusLoader.EditorLoadOVRPlugin () [0x0007b] in C:\Users\64204\squashVR\Library\PackageCache\com.unity.xr.oculus@1.9.1\Runtime\OculusLoader.cs:234 

(Filename: Library/PackageCache/com.unity.xr.oculus@1.9.1/Runtime/OculusLoader.cs Line: 249)

Mono: successfully reloaded assembly
- Completed reload, in  1.490 seconds
Platform modules already initialized, skipping
Refreshing native plugins compatible for Editor in 1.65 ms, found 16 plugins.
Preloading 2 native plugins for Editor in 0.36 ms.
Unloading 2207 Unused Serialized files (Serialized files now loaded: 0)
System memory in use before: 92.3 MB.
System memory in use after: 92.5 MB.

Unloading 32 unused Assets to reduce memory usage. Loaded Objects now: 2697.
Total: 7.269300 ms (FindLiveObjects: 0.915500 ms CreateObjectMapping: 0.829500 ms MarkObjects: 5.479100 ms  DeleteObjects: 0.042300 ms)

AssetImportParameters requested are different than current active one (requested -> active):
  custom:framework-win-MediaFoundation: 216162199b28c13a410421893ffa2e32 -> 
  custom:video-decoder-ogg-theora: a1e56fd34408186e4bbccfd4996cb3dc -> 
  custom:container-muxer-webm: aa71ff27fc2769a1b78a27578f13a17b -> 
  custom:container-demuxer-webm: 4f35f7cbe854078d1ac9338744f61a02 -> 
  custom:container-demuxer-ogg: 62fdf1f143b41e24485cea50d1cbac27 -> 
  custom:video-encoder-webm-vp8: eb34c28f22e8b96e1ab97ce403110664 -> 
  custom:video-decoder-webm-vp8: 9c59270c3fd7afecdb556c50c9e8de78 -> 
  custom:audio-decoder-ogg-vorbis: bf7c407c2cedff20999df2af8eb42d56 -> 
  custom:audio-encoder-webm-vorbis: bf7c407c2cedff20999df2af8eb42d56 -> 
========================================================================
Received Prepare
Registering precompiled user dll's ...
Registered in 0.015916 seconds.
Begin MonoManager ReloadAssembly
Native extension for WindowsStandalone target not found
Refreshing native plugins compatible for Editor in 1.36 ms, found 16 plugins.
Preloading 2 native plugins for Editor in 0.25 ms.
NullReferenceException: Object reference not set to an instance of an object
  at Unity.XR.Oculus.OculusLoader.AssetPathToAbsolutePath (System.String assetPath) [0x00048] in C:\Users\64204\squashVR\Library\PackageCache\com.unity.xr.oculus@1.9.1\Runtime\OculusLoader.cs:249 
  at Unity.XR.Oculus.OculusLoader.EditorLoadOVRPlugin () [0x0007b] in C:\Users\64204\squashVR\Library\PackageCache\com.unity.xr.oculus@1.9.1\Runtime\OculusLoader.cs:234 

(Filename: Library/PackageCache/com.unity.xr.oculus@1.9.1/Runtime/OculusLoader.cs Line: 249)

Mono: successfully reloaded assembly
- Completed reload, in  1.344 seconds
Platform modules already initialized, skipping
Refreshing native plugins compatible for Editor in 1.77 ms, found 16 plugins.
Preloading 2 native plugins for Editor in 0.47 ms.
Unloading 2207 Unused Serialized files (Serialized files now loaded: 0)
System memory in use before: 92.3 MB.
System memory in use after: 92.5 MB.

Unloading 32 unused Assets to reduce memory usage. Loaded Objects now: 2701.
Total: 6.286500 ms (FindLiveObjects: 0.591000 ms CreateObjectMapping: 0.351400 ms MarkObjects: 5.304100 ms  DeleteObjects: 0.037700 ms)

AssetImportParameters requested are different than current active one (requested -> active):
  custom:framework-win-MediaFoundation: 216162199b28c13a410421893ffa2e32 -> 
  custom:video-decoder-ogg-theora: a1e56fd34408186e4bbccfd4996cb3dc -> 
  custom:container-muxer-webm: aa71ff27fc2769a1b78a27578f13a17b -> 
  custom:container-demuxer-webm: 4f35f7cbe854078d1ac9338744f61a02 -> 
  custom:container-demuxer-ogg: 62fdf1f143b41e24485cea50d1cbac27 -> 
  custom:video-encoder-webm-vp8: eb34c28f22e8b96e1ab97ce403110664 -> 
  custom:video-decoder-webm-vp8: 9c59270c3fd7afecdb556c50c9e8de78 -> 
  custom:audio-decoder-ogg-vorbis: bf7c407c2cedff20999df2af8eb42d56 -> 
  custom:audio-encoder-webm-vorbis: bf7c407c2cedff20999df2af8eb42d56 -> 
========================================================================
Received Prepare
Registering precompiled user dll's ...
Registered in 0.016078 seconds.
Begin MonoManager ReloadAssembly
Native extension for WindowsStandalone target not found
Refreshing native plugins compatible for Editor in 1.40 ms, found 16 plugins.
Preloading 2 native plugins for Editor in 0.29 ms.
NullReferenceException: Object reference not set to an instance of an object
  at Unity.XR.Oculus.OculusLoader.AssetPathToAbsolutePath (System.String assetPath) [0x00048] in C:\Users\64204\squashVR\Library\PackageCache\com.unity.xr.oculus@1.9.1\Runtime\OculusLoader.cs:249 
  at Unity.XR.Oculus.OculusLoader.EditorLoadOVRPlugin () [0x0007b] in C:\Users\64204\squashVR\Library\PackageCache\com.unity.xr.oculus@1.9.1\Runtime\OculusLoader.cs:234 

(Filename: Library/PackageCache/com.unity.xr.oculus@1.9.1/Runtime/OculusLoader.cs Line: 249)

Mono: successfully reloaded assembly
- Completed reload, in  1.314 seconds
Platform modules already initialized, skipping
Refreshing native plugins compatible for Editor in 1.77 ms, found 16 plugins.
Preloading 2 native plugins for Editor in 0.25 ms.
Unloading 2207 Unused Serialized files (Serialized files now loaded: 0)
System memory in use before: 92.4 MB.
System memory in use after: 92.6 MB.

Unloading 32 unused Assets to reduce memory usage. Loaded Objects now: 2705.
Total: 5.264900 ms (FindLiveObjects: 0.426700 ms CreateObjectMapping: 0.117000 ms MarkObjects: 4.656000 ms  DeleteObjects: 0.061700 ms)

AssetImportParameters requested are different than current active one (requested -> active):
  custom:framework-win-MediaFoundation: 216162199b28c13a410421893ffa2e32 -> 
  custom:video-decoder-ogg-theora: a1e56fd34408186e4bbccfd4996cb3dc -> 
  custom:container-muxer-webm: aa71ff27fc2769a1b78a27578f13a17b -> 
  custom:container-demuxer-webm: 4f35f7cbe854078d1ac9338744f61a02 -> 
  custom:container-demuxer-ogg: 62fdf1f143b41e24485cea50d1cbac27 -> 
  custom:video-encoder-webm-vp8: eb34c28f22e8b96e1ab97ce403110664 -> 
  custom:video-decoder-webm-vp8: 9c59270c3fd7afecdb556c50c9e8de78 -> 
  custom:audio-decoder-ogg-vorbis: bf7c407c2cedff20999df2af8eb42d56 -> 
  custom:audio-encoder-webm-vorbis: bf7c407c2cedff20999df2af8eb42d56 -> 
========================================================================
Received Import Request.
  Time since last request: 604.376125 seconds.
  path: Assets/ExampleAssets/Models/XRControllerLeft.fbx
  artifactKey: Guid(e48d18018a0ba46c283d9fd9c227e578) Importer(815301076,1909f56bfc062723c751e8b465ee728b)
Start importing Assets/ExampleAssets/Models/XRControllerLeft.fbx using Guid(e48d18018a0ba46c283d9fd9c227e578) Importer(815301076,1909f56bfc062723c751e8b465ee728b)  -> (artifact id: 'cfb061f45b9f658739cc349c9f53cbf2') in 0.302473 seconds 
  Import took 0.308636 seconds .

========================================================================
Received Import Request.
  Time since last request: 0.000451 seconds.
  path: Packages/com.unity.xr.windowsmr/Tests/Runtime/Resources/Materials/YFlipColorMesh.mat
  artifactKey: Guid(af4e1f6f711c4cb44935f0bb5fce8c5a) Importer(815301076,1909f56bfc062723c751e8b465ee728b)
Start importing Packages/com.unity.xr.windowsmr/Tests/Runtime/Resources/Materials/YFlipColorMesh.mat using Guid(af4e1f6f711c4cb44935f0bb5fce8c5a) Importer(815301076,1909f56bfc062723c751e8b465ee728b)  -> (artifact id: '0de29cfff07aa5d3ae1dfecb76b07f80') in 0.034871 seconds 
  Import took 0.039068 seconds .

========================================================================
Received Import Request.
  Time since last request: 0.000446 seconds.
  path: Assets/ExampleAssets/Models/XRControllerRight.fbx
  artifactKey: Guid(2d10b9b89f2474de9800b152c3d00004) Importer(815301076,1909f56bfc062723c751e8b465ee728b)
Start importing Assets/ExampleAssets/Models/XRControllerRight.fbx using Guid(2d10b9b89f2474de9800b152c3d00004) Importer(815301076,1909f56bfc062723c751e8b465ee728b)  -> (artifact id: 'dab6f0bd2c1b9a3f610fc686fc2ff185') in 0.111701 seconds 
  Import took 0.116096 seconds .

========================================================================
Received Import Request.
  Time since last request: 146.766453 seconds.
  path: Assets/New Material.mat
  artifactKey: Guid(f37efc573c4c74245a331a24e3a866db) Importer(815301076,1909f56bfc062723c751e8b465ee728b)
Start importing Assets/New Material.mat using Guid(f37efc573c4c74245a331a24e3a866db) Importer(815301076,1909f56bfc062723c751e8b465ee728b)  -> (artifact id: '48fb16b91568f46f3eebd85e703b9b61') in 0.021883 seconds 
  Import took 0.026767 seconds .

========================================================================
Received Import Request.
  Time since last request: 14.047070 seconds.
  path: Assets
  artifactKey: Guid(00000000000000001000000000000000) Importer(815301076,1909f56bfc062723c751e8b465ee728b)
Start importing Assets using Guid(00000000000000001000000000000000) Importer(815301076,1909f56bfc062723c751e8b465ee728b)  -> (artifact id: '42d402b061de3733987d63b9cc3b64de') in 0.010956 seconds 
  Import took 0.018445 seconds .

========================================================================
Received Import Request.
  Time since last request: 105.453765 seconds.
  path: Assets/unnamed (1).png
  artifactKey: Guid(8dcee40a0f5c6f24aaf1a3040ce2d0fe) Importer(815301076,1909f56bfc062723c751e8b465ee728b)
Start importing Assets/unnamed (1).png using Guid(8dcee40a0f5c6f24aaf1a3040ce2d0fe) Importer(815301076,1909f56bfc062723c751e8b465ee728b)  -> (artifact id: '4a8a74157292d0c436e460e874e89d9f') in 0.113530 seconds 
  Import took 0.120523 seconds .

========================================================================
Received Import Request.
  Time since last request: 0.002168 seconds.
  path: Assets/unnamed (1).png
  artifactKey: Guid(8dcee40a0f5c6f24aaf1a3040ce2d0fe) Importer(815301076,1909f56bfc062723c751e8b465ee728b)
Start importing Assets/unnamed (1).png using Guid(8dcee40a0f5c6f24aaf1a3040ce2d0fe) Importer(815301076,1909f56bfc062723c751e8b465ee728b)  -> (artifact id: '4a8a74157292d0c436e460e874e89d9f') in 0.012842 seconds 
  Import took 0.018224 seconds .

========================================================================
Received Import Request.
  Time since last request: 33.502720 seconds.
  path: Assets/New Material.mat
  artifactKey: Guid(f37efc573c4c74245a331a24e3a866db) Importer(815301076,1909f56bfc062723c751e8b465ee728b)
Start importing Assets/New Material.mat using Guid(f37efc573c4c74245a331a24e3a866db) Importer(815301076,1909f56bfc062723c751e8b465ee728b)  -> (artifact id: '8441902c44a86d8dad326c146f094fb4') in 0.015554 seconds 
  Import took 0.020696 seconds .

========================================================================
Received Import Request.
  Time since last request: 260.437307 seconds.
  path: Assets/squash front wall.png
  artifactKey: Guid(481ca4d4e4050274b98460b9561b07a1) Importer(815301076,1909f56bfc062723c751e8b465ee728b)
Start importing Assets/squash front wall.png using Guid(481ca4d4e4050274b98460b9561b07a1) Importer(815301076,1909f56bfc062723c751e8b465ee728b)  -> (artifact id: 'c98237c3af1b84612030649b8e849b19') in 0.032767 seconds 
  Import took 0.042060 seconds .

========================================================================
Received Import Request.
  Time since last request: 715.006463 seconds.
  path: Assets/Materials
  artifactKey: Guid(82b4c5d7a6b5a8846b3021a5652197d3) Importer(815301076,1909f56bfc062723c751e8b465ee728b)
Start importing Assets/Materials using Guid(82b4c5d7a6b5a8846b3021a5652197d3) Importer(815301076,1909f56bfc062723c751e8b465ee728b)  -> (artifact id: 'bb9fc52918ac44f1f41474008e8ae3f5') in 0.011753 seconds 
  Import took 0.016818 seconds .

========================================================================
Received Import Request.
  Time since last request: 0.046134 seconds.
  path: Assets/Materials/squash front wall.mat
  artifactKey: Guid(5ddda8dbd6a25c04f96e5e34d2c2b518) Importer(815301076,1909f56bfc062723c751e8b465ee728b)
Start importing Assets/Materials/squash front wall.mat using Guid(5ddda8dbd6a25c04f96e5e34d2c2b518) Importer(815301076,1909f56bfc062723c751e8b465ee728b)  -> (artifact id: 'bf7e38e5a7e333101a75f6174fd65aa2') in 0.019273 seconds 
  Import took 0.024293 seconds .

========================================================================
Received Import Request.
  Time since last request: 0.000331 seconds.
  path: Assets/Materials/unnamed (1).mat
  artifactKey: Guid(8708a7c8dc8e2ac4793d7a98fe7ea42c) Importer(815301076,1909f56bfc062723c751e8b465ee728b)
Start importing Assets/Materials/unnamed (1).mat using Guid(8708a7c8dc8e2ac4793d7a98fe7ea42c) Importer(815301076,1909f56bfc062723c751e8b465ee728b)  -> (artifact id: 'abccb9d33a9cf0c316f0ba4d85c3e67b') in 0.016627 seconds 
  Import took 0.021699 seconds .

========================================================================
Received Import Request.
  Time since last request: 24.139968 seconds.
  path: Assets/ExampleAssets/Materials/Controller.mat
  artifactKey: Guid(3d2e36aacd7dc084b96e0755f1af4137) Importer(815301076,1909f56bfc062723c751e8b465ee728b)
Start importing Assets/ExampleAssets/Materials/Controller.mat using Guid(3d2e36aacd7dc084b96e0755f1af4137) Importer(815301076,1909f56bfc062723c751e8b465ee728b)  -> (artifact id: '8737d08bb50c994f9dd37145ac6665dd') in 0.017722 seconds 
  Import took 0.023511 seconds .

========================================================================
Received Import Request.
  Time since last request: 525.646405 seconds.
  path: Assets/Oak.jpg
  artifactKey: Guid(2b8fec4590f4ec74bb53f07229e313ab) Importer(815301076,1909f56bfc062723c751e8b465ee728b)
Start importing Assets/Oak.jpg using Guid(2b8fec4590f4ec74bb53f07229e313ab) Importer(815301076,1909f56bfc062723c751e8b465ee728b)  -> (artifact id: 'a5e56e3104c5eab305ccebd5c393a2e2') in 0.025772 seconds 
  Import took 0.031201 seconds .

========================================================================
Received Import Request.
  Time since last request: 241.885865 seconds.
  path: Assets/junckers-2strip-maple-nordic-classic.Jpg
  artifactKey: Guid(a943478562470cc4d88c254a44ac1c8b) Importer(815301076,1909f56bfc062723c751e8b465ee728b)
Start importing Assets/junckers-2strip-maple-nordic-classic.Jpg using Guid(a943478562470cc4d88c254a44ac1c8b) Importer(815301076,1909f56bfc062723c751e8b465ee728b)  -> (artifact id: '7bbb2a4a0d02b5f436bac6b258a484a6') in 0.027881 seconds 
  Import took 0.034600 seconds .

AssetImportWorkerClient::OnTransportError - code=2 error=End of file
